{"level":"error","message":"Sun Jun 25 2023 02:29:23 GMT+0100 (West Africa Standard Time) : undefined : Error : querySrv ETIMEOUT _mongodb._tcp.cluster0.vwlx2.mongodb.net : Error: querySrv ETIMEOUT _mongodb._tcp.cluster0.vwlx2.mongodb.net\n    at QueryReqWrap.onresolve [as oncomplete] (node:internal/dns/promises:240:17)","private":true}
{"level":"error","message":"Mon Jun 26 2023 16:57:30 GMT+0100 (West Africa Standard Time) : 404 : NotFoundError : /signup not found : NotFoundError: /signup not found\n    at C:\\Users\\DELL\\Desktop\\MERN Project\\ecommerce-app\\microservices\\customerService\\src\\api\\customer-api.ts:192:26\n    at Layer.handle [as handle_request] (C:\\Users\\DELL\\Desktop\\MERN Project\\ecommerce-app\\microservices\\customerService\\node_modules\\express\\lib\\router\\layer.js:95:5)\n    at next (C:\\Users\\DELL\\Desktop\\MERN Project\\ecommerce-app\\microservices\\customerService\\node_modules\\express\\lib\\router\\route.js:144:13)\n    at Route.dispatch (C:\\Users\\DELL\\Desktop\\MERN Project\\ecommerce-app\\microservices\\customerService\\node_modules\\express\\lib\\router\\route.js:114:3)\n    at Layer.handle [as handle_request] (C:\\Users\\DELL\\Desktop\\MERN Project\\ecommerce-app\\microservices\\customerService\\node_modules\\express\\lib\\router\\layer.js:95:5)\n    at C:\\Users\\DELL\\Desktop\\MERN Project\\ecommerce-app\\microservices\\customerService\\node_modules\\express\\lib\\router\\index.js:284:15\n    at param (C:\\Users\\DELL\\Desktop\\MERN Project\\ecommerce-app\\microservices\\customerService\\node_modules\\express\\lib\\router\\index.js:365:14)\n    at param (C:\\Users\\DELL\\Desktop\\MERN Project\\ecommerce-app\\microservices\\customerService\\node_modules\\express\\lib\\router\\index.js:376:14)\n    at Function.process_params (C:\\Users\\DELL\\Desktop\\MERN Project\\ecommerce-app\\microservices\\customerService\\node_modules\\express\\lib\\router\\index.js:421:3)\n    at next (C:\\Users\\DELL\\Desktop\\MERN Project\\ecommerce-app\\microservices\\customerService\\node_modules\\express\\lib\\router\\index.js:280:10)","private":true}
{"level":"error","message":"Mon Jun 26 2023 17:00:27 GMT+0100 (West Africa Standard Time) : 404 : NotFoundError : No resource for GET to /signup","private":true}
{"level":"error","message":"Mon Jun 26 2023 17:04:47 GMT+0100 (West Africa Standard Time) : 404 : NotFoundError : No resource for PATCH to /signup","private":true}
{"level":"error","message":"Mon Jun 26 2023 17:06:12 GMT+0100 (West Africa Standard Time) : 404 : NotFoundError : No resource for DELETE to /signup","private":true}
{"level":"error","message":"Mon Jun 26 2023 17:06:29 GMT+0100 (West Africa Standard Time) : 404 : NotFoundError : No resource for GET to /signup","private":true}
{"level":"error","message":"Mon Jun 26 2023 17:08:39 GMT+0100 (West Africa Standard Time) : 409 : ConflictError : User is already registered","private":true}
{"level":"error","message":"Mon Jun 26 2023 17:09:09 GMT+0100 (West Africa Standard Time) : 409 : ConflictError : User is already registered","private":true}
{"level":"error","message":"Mon Jun 26 2023 17:09:56 GMT+0100 (West Africa Standard Time) : 404 : NotFoundError : No resource for GET to /login","private":true}
{"level":"error","message":"Mon Jun 26 2023 17:10:09 GMT+0100 (West Africa Standard Time) : 404 : NotFoundError : No resource for PUT to /login","private":true}
{"level":"error","message":"Mon Jun 26 2023 17:10:18 GMT+0100 (West Africa Standard Time) : 404 : NotFoundError : No resource for DELETE to /login","private":true}
{"level":"error","message":"Mon Jun 26 2023 17:10:39 GMT+0100 (West Africa Standard Time) : 400 : BadRequestError : Invalid email or password","private":true}
{"level":"error","message":"Mon Jun 26 2023 17:10:59 GMT+0100 (West Africa Standard Time) : 400 : BadRequestError : Invalid email or password","private":true}
{"level":"error","message":"Mon Jun 26 2023 17:11:24 GMT+0100 (West Africa Standard Time) : 400 : BadRequestError : Invalid email or password","private":true}
{"level":"error","message":"Mon Jun 26 2023 17:11:55 GMT+0100 (West Africa Standard Time) : 400 : BadRequestError : Invalid email or password","private":true}
{"level":"error","message":"Mon Jun 26 2023 17:15:27 GMT+0100 (West Africa Standard Time) : 400 : BadRequestError : Invalid email or password","private":true}
{"level":"error","message":"Mon Jun 26 2023 17:15:47 GMT+0100 (West Africa Standard Time) : 400 : BadRequestError : Invalid email or password","private":true}
{"level":"error","message":"Mon Jun 26 2023 17:16:27 GMT+0100 (West Africa Standard Time) : 400 : BadRequestError : Invalid email or password","private":true}
{"level":"error","message":"Mon Jun 26 2023 17:16:39 GMT+0100 (West Africa Standard Time) : 400 : BadRequestError : Invalid email or password","private":true}
{"level":"error","message":"Mon Jun 26 2023 17:20:21 GMT+0100 (West Africa Standard Time) : 400 : BadRequestError : Invalid email or password","private":true}
{"level":"error","message":"Mon Jun 26 2023 17:20:42 GMT+0100 (West Africa Standard Time) : 400 : BadRequestError : Invalid email or password","private":true}
{"level":"error","message":"Mon Jun 26 2023 17:21:42 GMT+0100 (West Africa Standard Time) : 400 : BadRequestError : Invalid email or password","private":true}
{"level":"error","message":"Mon Jun 26 2023 17:22:06 GMT+0100 (West Africa Standard Time) : 400 : BadRequestError : Invalid email or password","private":true}
{"level":"error","message":"5:27:34 PM : 400 : BadRequestError : Invalid email or password"}
{"level":"error","message":"5:38:10 PM : 400 : BadRequestError : Invalid email or password"}
{"level":"error","message":"5:39:21 PM : 400 : BadRequestError : Invalid email or password"}
{"level":"error","message":"5:40:12 PM : 400 : BadRequestError : Invalid email or password"}
{"level":"error","message":"5:53:48 PM : 400 : BadRequestError : Invalid email or password"}
{"level":"error","message":"5:54:07 PM : 400 : BadRequestError : Invalid email or password"}
{"level":"error","message":"5:57:45 PM : 404 : NotFoundError : No resource for POST to /address"}
{"level":"error","message":"5:57:52 PM : 404 : NotFoundError : No resource for PUT to /address"}
{"level":"error","message":"5:57:58 PM : 401 : UnauthorizedError : Unauthorized"}
{"level":"error","message":"5:58:27 PM : 401 : UnauthorizedError : Unauthorized"}
{"level":"error","message":"5:58:45 PM : 401 : UnauthorizedError : Unauthorized"}
{"level":"error","message":"5:59:36 PM : 401 : UnauthorizedError : Unauthorized"}
{"level":"error","message":"6:00:33 PM : 401 : UnauthorizedError : Unauthorized"}
{"level":"error","message":"6:01:08 PM : 401 : UnauthorizedError : Unauthorized"}
{"level":"error","message":"6:06:20 PM : 401 : UnauthorizedError : Unauthorized"}
{"level":"error","message":"6:06:57 PM : 401 : UnauthorizedError : Unauthorized"}
{"level":"error","message":"6:07:04 PM : 401 : UnauthorizedError : Unauthorized"}
{"level":"error","message":"6:08:00 PM : 401 : UnauthorizedError : Unauthorized"}
{"level":"error","message":"6:08:05 PM : 401 : UnauthorizedError : Unauthorized"}
{"level":"error","message":"6:09:07 PM : 401 : UnauthorizedError : Unauthorized"}
{"level":"error","message":"6:09:51 PM : 401 : UnauthorizedError : Unauthorized"}
{"level":"error","message":"6:10:54 PM : 401 : UnauthorizedError : Unauthorized"}
{"level":"error","message":"6:11:12 PM : 401 : UnauthorizedError : Unauthorized"}
{"level":"error","message":"6:11:40 PM : 401 : UnauthorizedError : Unauthorized"}
{"level":"error","message":"6:11:56 PM : 401 : UnauthorizedError : Unauthorized"}
{"level":"error","message":"6:12:25 PM : 404 : NotFoundError : Address not found"}
{"level":"error","message":"6:12:32 PM : 404 : NotFoundError : Address not found"}
{"level":"error","message":"6:13:28 PM : 404 : NotFoundError : Address not found"}
{"level":"error","message":"6:14:15 PM : 404 : NotFoundError : Address not found"}
{"level":"error","message":"6:16:27 PM : 404 : NotFoundError : Address not found"}
{"level":"error","message":"6:16:55 PM : 404 : NotFoundError : Address not found"}
{"level":"error","message":"6:17:59 PM : 404 : NotFoundError : Address not found"}
{"level":"error","message":"6:19:00 PM : 404 : NotFoundError : Address not found"}
{"level":"error","message":"6:20:43 PM : 404 : NotFoundError : Address not found"}
{"level":"error","message":"6:23:22 PM : 404 : NotFoundError : Address not found"}
{"level":"error","message":"6:24:23 PM : 404 : NotFoundError : Address not found"}
{"level":"error","message":"6:28:09 PM : 401 : UnauthorizedError : Wrong credentials provided. Please log in."}
{"level":"error","message":"6:32:48 PM : 404 : NotFoundError : No resource for GET to /address/new"}
{"level":"error","message":"6:32:54 PM : 404 : NotFoundError : No resource for PUT to /address/new"}
{"level":"error","message":"6:37:04 PM : undefined : CastError : Cast to ObjectId failed for value \"{ id: '6499c09647f99c73ffe61171' }\" (type Object) at path \"_id\" for model \"customer\""}
{"level":"error","message":"6:40:49 PM : 401 : UnauthorizedError : Wrong credentials provided. Please log in."}
{"level":"error","message":"6:40:59 PM : 401 : UnauthorizedError : Wrong credentials provided. Please log in."}
{"level":"error","message":"10:56:10 AM : 409 : ConflictError : User is already registered"}
{"level":"error","message":"10:56:36 AM : 400 : BadRequestError : Invalid email or password"}
{"level":"error","message":"10:57:22 AM : 400 : BadRequestError : Invalid email or password"}
{"level":"error","message":"11:00:34 AM : 400 : BadRequestError : Invalid email or password"}
{"level":"error","message":"11:00:44 AM : 400 : BadRequestError : Invalid email or password"}
{"level":"error","message":"11:01:02 AM : 400 : BadRequestError : Invalid email or password"}
{"level":"error","message":"11:02:42 AM : 409 : ConflictError : User is already registered"}
{"level":"error","message":"11:02:52 AM : 400 : BadRequestError : Invalid email or password"}
{"level":"error","message":"11:04:40 AM : 401 : UnauthorizedError : You are logged out."}
{"level":"error","message":"11:05:45 AM : 401 : UnauthorizedError : You are logged out."}
{"level":"error","message":"11:12:39 AM : 401 : UnauthorizedError : Wrong credentials provided. Please log in."}
{"level":"error","message":"11:12:49 AM : 401 : UnauthorizedError : Wrong credentials provided. Please log in."}
{"level":"error","message":"11:16:18 AM : 404 : NotFoundError : No resource for GET to /shopping-details"}
{"level":"error","message":"11:16:56 AM : 401 : UnauthorizedError : You are logged out."}
{"level":"error","message":"11:17:26 AM : undefined : CastError : Cast to ObjectId failed for value \"{ id: '649d567edcad8e6953f982ed' }\" (type Object) at path \"_id\" for model \"customer\""}
{"level":"error","message":"11:19:02 AM : 401 : UnauthorizedError : You are logged out."}
{"level":"error","message":"11:19:44 AM : 401 : UnauthorizedError : Wrong credentials provided. Please log in."}
{"level":"error","message":"11:20:46 AM : 401 : UnauthorizedError : You are logged out."}
{"level":"error","message":"11:21:38 AM : 401 : UnauthorizedError : You are logged out."}
{"level":"error","message":"11:22:41 AM : 404 : NotFoundError : No resource for GET to /orderss"}
{"level":"error","message":"11:47:47 AM : undefined : MongooseServerSelectionError : Server selection timed out after 30000 ms"}
{"level":"error","message":"11:51:43 AM : 401 : UnauthorizedError : You are logged out."}
{"level":"error","message":"11:51:52 AM : 401 : UnauthorizedError : You are logged out."}
{"level":"error","message":"11:52:02 AM : 400 : BadRequestError : Invalid email or password"}
{"level":"error","message":"11:57:00 AM : 400 : BadRequestError : Invalid email or password"}
{"level":"error","message":"11:59:10 AM : 400 : BadRequestError : Invalid email or password"}
{"level":"error","message":"11:59:25 AM : 400 : BadRequestError : Invalid email or password"}
{"level":"error","message":"12:00:36 PM : 400 : BadRequestError : Invalid email or password"}
{"level":"error","message":"12:00:45 PM : 400 : BadRequestError : Invalid email or password"}
{"level":"error","message":"12:01:03 PM : 400 : BadRequestError : Invalid email or password"}
{"level":"error","message":"12:03:40 PM : 400 : BadRequestError : Invalid email or password"}
{"level":"error","message":"12:04:48 PM : 400 : BadRequestError : Invalid email or password"}
{"level":"error","message":"12:05:13 PM : 401 : UnauthorizedError : You are logged out."}
{"level":"error","message":"12:11:57 PM : 400 : BadRequestError : Invalid email or password"}
{"level":"error","message":"12:14:01 PM : 401 : UnauthorizedError : You are logged out."}
{"level":"error","message":"12:14:07 PM : 403 : ForbiddenError : You do not have access to this resource"}
{"level":"error","message":"12:14:13 PM : 403 : ForbiddenError : You do not have access to this resource"}
{"level":"error","message":"12:16:29 PM : 403 : ForbiddenError : You do not have access to this resource"}
{"level":"error","message":"12:16:36 PM : 403 : ForbiddenError : You do not have access to this resource"}
{"level":"error","message":"12:16:38 PM : 403 : ForbiddenError : You do not have access to this resource"}
{"level":"error","message":"12:16:40 PM : 403 : ForbiddenError : You do not have access to this resource"}
{"level":"error","message":"12:16:41 PM : 403 : ForbiddenError : You do not have access to this resource"}
{"level":"error","message":"12:16:41 PM : 403 : ForbiddenError : You do not have access to this resource"}
{"level":"error","message":"12:16:42 PM : 403 : ForbiddenError : You do not have access to this resource"}
{"level":"error","message":"12:16:43 PM : 403 : ForbiddenError : You do not have access to this resource"}
{"level":"error","message":"12:16:44 PM : 403 : ForbiddenError : You do not have access to this resource"}
{"level":"error","message":"12:16:46 PM : 403 : ForbiddenError : You do not have access to this resource"}
{"level":"error","message":"12:16:47 PM : 403 : ForbiddenError : You do not have access to this resource"}
{"level":"error","message":"12:18:32 PM : 403 : ForbiddenError : You do not have access to this resource"}
{"level":"error","message":"12:19:04 PM : 403 : ForbiddenError : You do not have access to this resource"}
{"level":"error","message":"12:20:50 PM : 403 : ForbiddenError : You do not have access to this resource"}
